* using log directory ‘/Users/kudrzycb/polybox/Youth Employment/1b Index/youth-lmi/lamadex.Rcheck’
* using R version 3.6.3 (2020-02-29)
* using platform: x86_64-apple-darwin15.6.0 (64-bit)
* using session charset: UTF-8
* using options ‘--no-manual --as-cran’
* checking for file ‘lamadex/DESCRIPTION’ ... OK
* checking extension type ... Package
* this is package ‘lamadex’ version ‘0.1.0’
* package encoding: UTF-8
* checking package namespace information ... OK
* checking package dependencies ... OK
* checking if this is a source package ... OK
* checking if there is a namespace ... OK
* checking for executable files ... OK
* checking for hidden files and directories ... OK
* checking for portable file names ... OK
* checking for sufficient/correct file permissions ... OK
* checking serialization versions ... OK
* checking whether package ‘lamadex’ can be installed ... OK
* checking installed package size ... OK
* checking package directory ... OK
* checking for future file timestamps ... OK
* checking DESCRIPTION meta-information ... WARNING
Non-standard license specification:
  None
Standardizable: FALSE
* checking top-level files ... OK
* checking for left-over files ... OK
* checking index information ... OK
* checking package subdirectories ... OK
* checking R files for non-ASCII characters ... OK
* checking R files for syntax errors ... OK
* checking whether the package can be loaded ... OK
* checking whether the package can be loaded with stated dependencies ... OK
* checking whether the package can be unloaded cleanly ... OK
* checking whether the namespace can be loaded with stated dependencies ... OK
* checking whether the namespace can be unloaded cleanly ... OK
* checking loading without being on the library search path ... OK
* checking dependencies in R code ... WARNING
'::' or ':::' import not declared from: ‘dplyr’
* checking S3 generic/method consistency ... OK
* checking replacement functions ... OK
* checking foreign function calls ... OK
* checking R code for possible problems ... NOTE
compute_indicators: no visible global function definition for ‘%>%’
compute_indicators: no visible global function definition for
  ‘pivot_wider’
compute_indicators: no visible binding for global variable
  ‘classif1.label’
compute_indicators: no visible binding for global variable ‘obs_value’
compute_indicators: no visible global function definition for ‘mutate’
compute_indicators: no visible binding for global variable ‘Age (Youth,
  adults): 15-24’
compute_indicators: no visible binding for global variable ‘Age (Youth,
  adults): 25+’
compute_indicators: no visible global function definition for
  ‘full_join’
compute_indicators: no visible binding for global variable
  ‘obs_value.x’
compute_indicators: no visible binding for global variable
  ‘obs_value.y’
compute_indicators: no visible binding for global variable
  ‘ref_area.label’
compute_indicators: no visible binding for global variable
  ‘classif2.label’
compute_indicators: no visible binding for global variable ‘sex.label’
compute_indicators: no visible binding for global variable ‘time’
compute_indicators: no visible global function definition for
  ‘inner_join’
compute_indicators: no visible binding for global variable ‘.’
compute_indicators: no visible global function definition for ‘filter’
compute_indicators: no visible global function definition for
  ‘pivot_longer’
compute_indicators: no visible binding for global variable ‘Survey’
filter_helper: no visible global function definition for ‘%>%’
filter_helper: no visible global function definition for ‘as_tibble’
filter_helper: no visible global function definition for ‘filter’
filter_helper: no visible binding for global variable ‘sex.label’
filter_helper: no visible binding for global variable ‘time’
filter_helper: no visible binding for global variable ‘obs_value’
filter_helper: no visible global function definition for ‘group_by’
filter_helper: no visible binding for global variable ‘ref_area.label’
filter_helper: no visible global function definition for ‘top_n’
filter_helper: no visible global function definition for ‘rename’
filter_helper: no visible global function definition for ‘:=’
impute_helper : find_pct : <anonymous>: no visible global function
  definition for ‘ecdf’
impute_helper: no visible global function definition for ‘%>%’
impute_helper: no visible global function definition for ‘add_column’
impute_helper: no visible global function definition for ‘mutate’
impute_helper: no visible global function definition for ‘quantile’
impute_helper: no visible binding for global variable ‘transition_pct’
impute_helper: no visible binding for global variable ‘workCond_pct’
impute_helper: no visible binding for global variable ‘education_pct’
impute_helper: no visible global function definition for ‘ungroup’
impute_helper: no visible binding for global variable ‘.’
impute_helper: no visible global function definition for ‘coalesce’
impute_helper: no visible binding for global variable ‘neet’
impute_helper: no visible binding for global variable ‘neet_impute’
impute_helper: no visible binding for global variable ‘relative_wc’
impute_helper: no visible binding for global variable
  ‘relative_wc_impute’
impute_helper: no visible binding for global variable ‘mismatch’
impute_helper: no visible binding for global variable ‘mismatch_impute’
impute_helper: no visible binding for global variable ‘workingpov’
impute_helper: no visible binding for global variable ‘workPov_impute’
impute_helper: no visible binding for global variable ‘underemp’
impute_helper: no visible binding for global variable ‘underemp_impute’
impute_helper: no visible binding for global variable ‘informal’
impute_helper: no visible binding for global variable ‘informal_impute’
impute_helper: no visible binding for global variable ‘elementary’
impute_helper: no visible binding for global variable
  ‘elementary_impute’
impute_helper: no visible binding for global variable ‘nosecondary’
impute_helper: no visible binding for global variable
  ‘nosecondary_impute’
impute_helper: no visible binding for global variable ‘literacy’
impute_helper: no visible binding for global variable ‘literacy_impute’
impute_helper: no visible binding for global variable ‘test_scores’
impute_helper: no visible binding for global variable
  ‘testScore_impute’
impute_helper: no visible global function definition for ‘contains’
rank_generator: no visible global function definition for ‘%>%’
rank_generator: no visible global function definition for ‘reduce’
rank_generator: no visible binding for global variable ‘full_join’
rank_generator: no visible binding for global variable ‘accumulate’
rank_generator: no visible global function definition for ‘right_join’
rank_generator: no visible global function definition for ‘mutate_at’
rank_generator: no visible global function definition for ‘ungroup’
rank_generator: no visible binding for global variable ‘.’
rank_generator: no visible global function definition for ‘mutate’
rank_generator: no visible global function definition for ‘rename’
Undefined global functions or variables:
  %>% . := Age (Youth, adults): 15-24 Age (Youth, adults): 25+ Survey
  accumulate add_column as_tibble classif1.label classif2.label
  coalesce contains ecdf education_pct elementary elementary_impute
  filter full_join group_by informal informal_impute inner_join
  literacy literacy_impute mismatch mismatch_impute mutate mutate_at
  neet neet_impute nosecondary nosecondary_impute obs_value obs_value.x
  obs_value.y pivot_longer pivot_wider quantile reduce ref_area.label
  relative_wc relative_wc_impute rename right_join sex.label
  testScore_impute test_scores time top_n transition_pct underemp
  underemp_impute ungroup workCond_pct workPov_impute workingpov
Consider adding
  importFrom("stats", "ecdf", "filter", "quantile", "time")
to your NAMESPACE file.
* checking Rd files ... OK
* checking Rd metadata ... OK
* checking Rd line widths ... OK
* checking Rd cross-references ... OK
* checking for missing documentation entries ... OK
* checking for code/documentation mismatches ... OK
* checking Rd \usage sections ... WARNING
Undocumented arguments in documentation object 'compute_indicators'
  ‘dfList’

Undocumented arguments in documentation object 'filter_helper'
  ‘df’ ‘bygender’ ‘lastyear’

Undocumented arguments in documentation object 'impute_helper'
  ‘index’

Undocumented arguments in documentation object 'rank_generator'
  ‘dfList’ ‘country_list’ ‘bygender’ ‘lastyear’ ‘impute’

Functions with \usage entries need to have the appropriate \alias
entries, and all their arguments documented.
The \usage entries must correspond to syntactically valid R code.
See chapter ‘Writing R documentation files’ in the ‘Writing R
Extensions’ manual.
* checking Rd contents ... OK
* checking for unstated dependencies in examples ... OK
* checking examples ... ERROR
Running examples in ‘lamadex-Ex.R’ failed
The error most likely occurred in:

> base::assign(".ptime", proc.time(), pos = "CheckExEnv")
> ### Name: filter_helper
> ### Title: filter_helper
> ### Aliases: filter_helper
> ### Keywords: filter helper
> 
> ### ** Examples
> 
> index <- filter_helper(neet, bygender = TRUE, lastyear= 2009)
Error in substring(df$sex.label, 6) : object 'neet' not found
Calls: filter_helper -> substring
Execution halted
* checking for detritus in the temp directory ... OK
* DONE
Status: 1 ERROR, 3 WARNINGs, 1 NOTE
